Determining if the pthread_create exist failed with the following output:
Change Dir: /home/auviitk/rex/build/uuv_gazebo_ros_plugins_msgs/CMakeFiles/CMakeTmp

Run Build Command:"/usr/bin/make" "cmTC_ff553/fast"
/usr/bin/make -f CMakeFiles/cmTC_ff553.dir/build.make CMakeFiles/cmTC_ff553.dir/build
make[1]: Entering directory '/home/auviitk/rex/build/uuv_gazebo_ros_plugins_msgs/CMakeFiles/CMakeTmp'
Building C object CMakeFiles/cmTC_ff553.dir/CheckSymbolExists.c.o
/usr/bin/cc    -o CMakeFiles/cmTC_ff553.dir/CheckSymbolExists.c.o   -c /home/auviitk/rex/build/uuv_gazebo_ros_plugins_msgs/CMakeFiles/CMakeTmp/CheckSymbolExists.c
Linking C executable cmTC_ff553
/usr/bin/cmake -E cmake_link_script CMakeFiles/cmTC_ff553.dir/link.txt --verbose=1
/usr/bin/cc      -rdynamic CMakeFiles/cmTC_ff553.dir/CheckSymbolExists.c.o  -o cmTC_ff553 
CMakeFiles/cmTC_ff553.dir/CheckSymbolExists.c.o: In function `main':
CheckSymbolExists.c:(.text+0x1b): undefined reference to `pthread_create'
collect2: error: ld returned 1 exit status
CMakeFiles/cmTC_ff553.dir/build.make:97: recipe for target 'cmTC_ff553' failed
make[1]: *** [cmTC_ff553] Error 1
make[1]: Leaving directory '/home/auviitk/rex/build/uuv_gazebo_ros_plugins_msgs/CMakeFiles/CMakeTmp'
Makefile:126: recipe for target 'cmTC_ff553/fast' failed
make: *** [cmTC_ff553/fast] Error 2

File /home/auviitk/rex/build/uuv_gazebo_ros_plugins_msgs/CMakeFiles/CMakeTmp/CheckSymbolExists.c:
/* */
#include <pthread.h>

int main(int argc, char** argv)
{
  (void)argv;
#ifndef pthread_create
  return ((int*)(&pthread_create))[argc];
#else
  (void)argc;
  return 0;
#endif
}

Determining if the function pthread_create exists in the pthreads failed with the following output:
Change Dir: /home/auviitk/rex/build/uuv_gazebo_ros_plugins_msgs/CMakeFiles/CMakeTmp

Run Build Command:"/usr/bin/make" "cmTC_98d63/fast"
/usr/bin/make -f CMakeFiles/cmTC_98d63.dir/build.make CMakeFiles/cmTC_98d63.dir/build
make[1]: Entering directory '/home/auviitk/rex/build/uuv_gazebo_ros_plugins_msgs/CMakeFiles/CMakeTmp'
Building C object CMakeFiles/cmTC_98d63.dir/CheckFunctionExists.c.o
/usr/bin/cc   -DCHECK_FUNCTION_EXISTS=pthread_create   -o CMakeFiles/cmTC_98d63.dir/CheckFunctionExists.c.o   -c /usr/share/cmake-3.10/Modules/CheckFunctionExists.c
Linking C executable cmTC_98d63
/usr/bin/cmake -E cmake_link_script CMakeFiles/cmTC_98d63.dir/link.txt --verbose=1
/usr/bin/cc  -DCHECK_FUNCTION_EXISTS=pthread_create    -rdynamic CMakeFiles/cmTC_98d63.dir/CheckFunctionExists.c.o  -o cmTC_98d63 -lpthreads 
/usr/bin/ld: cannot find -lpthreads
collect2: error: ld returned 1 exit status
CMakeFiles/cmTC_98d63.dir/build.make:97: recipe for target 'cmTC_98d63' failed
make[1]: *** [cmTC_98d63] Error 1
make[1]: Leaving directory '/home/auviitk/rex/build/uuv_gazebo_ros_plugins_msgs/CMakeFiles/CMakeTmp'
Makefile:126: recipe for target 'cmTC_98d63/fast' failed
make: *** [cmTC_98d63/fast] Error 2


