Determining if the pthread_create exist failed with the following output:
Change Dir: /home/auviitk/rex/build/uuv_smac_utils/CMakeFiles/CMakeTmp

Run Build Command:"/usr/bin/make" "cmTC_784c8/fast"
/usr/bin/make -f CMakeFiles/cmTC_784c8.dir/build.make CMakeFiles/cmTC_784c8.dir/build
make[1]: Entering directory '/home/auviitk/rex/build/uuv_smac_utils/CMakeFiles/CMakeTmp'
Building C object CMakeFiles/cmTC_784c8.dir/CheckSymbolExists.c.o
/usr/bin/cc    -o CMakeFiles/cmTC_784c8.dir/CheckSymbolExists.c.o   -c /home/auviitk/rex/build/uuv_smac_utils/CMakeFiles/CMakeTmp/CheckSymbolExists.c
Linking C executable cmTC_784c8
/usr/bin/cmake -E cmake_link_script CMakeFiles/cmTC_784c8.dir/link.txt --verbose=1
/usr/bin/cc      -rdynamic CMakeFiles/cmTC_784c8.dir/CheckSymbolExists.c.o  -o cmTC_784c8 
CMakeFiles/cmTC_784c8.dir/CheckSymbolExists.c.o: In function `main':
CheckSymbolExists.c:(.text+0x1b): undefined reference to `pthread_create'
collect2: error: ld returned 1 exit status
CMakeFiles/cmTC_784c8.dir/build.make:97: recipe for target 'cmTC_784c8' failed
make[1]: *** [cmTC_784c8] Error 1
make[1]: Leaving directory '/home/auviitk/rex/build/uuv_smac_utils/CMakeFiles/CMakeTmp'
Makefile:126: recipe for target 'cmTC_784c8/fast' failed
make: *** [cmTC_784c8/fast] Error 2

File /home/auviitk/rex/build/uuv_smac_utils/CMakeFiles/CMakeTmp/CheckSymbolExists.c:
/* */
#include <pthread.h>

int main(int argc, char** argv)
{
  (void)argv;
#ifndef pthread_create
  return ((int*)(&pthread_create))[argc];
#else
  (void)argc;
  return 0;
#endif
}

Determining if the function pthread_create exists in the pthreads failed with the following output:
Change Dir: /home/auviitk/rex/build/uuv_smac_utils/CMakeFiles/CMakeTmp

Run Build Command:"/usr/bin/make" "cmTC_f7c3b/fast"
/usr/bin/make -f CMakeFiles/cmTC_f7c3b.dir/build.make CMakeFiles/cmTC_f7c3b.dir/build
make[1]: Entering directory '/home/auviitk/rex/build/uuv_smac_utils/CMakeFiles/CMakeTmp'
Building C object CMakeFiles/cmTC_f7c3b.dir/CheckFunctionExists.c.o
/usr/bin/cc   -DCHECK_FUNCTION_EXISTS=pthread_create   -o CMakeFiles/cmTC_f7c3b.dir/CheckFunctionExists.c.o   -c /usr/share/cmake-3.10/Modules/CheckFunctionExists.c
Linking C executable cmTC_f7c3b
/usr/bin/cmake -E cmake_link_script CMakeFiles/cmTC_f7c3b.dir/link.txt --verbose=1
/usr/bin/cc  -DCHECK_FUNCTION_EXISTS=pthread_create    -rdynamic CMakeFiles/cmTC_f7c3b.dir/CheckFunctionExists.c.o  -o cmTC_f7c3b -lpthreads 
/usr/bin/ld: cannot find -lpthreads
collect2: error: ld returned 1 exit status
CMakeFiles/cmTC_f7c3b.dir/build.make:97: recipe for target 'cmTC_f7c3b' failed
make[1]: *** [cmTC_f7c3b] Error 1
make[1]: Leaving directory '/home/auviitk/rex/build/uuv_smac_utils/CMakeFiles/CMakeTmp'
Makefile:126: recipe for target 'cmTC_f7c3b/fast' failed
make: *** [cmTC_f7c3b/fast] Error 2


