Symlinking /home/auviitk/catkin_ws/devel/lib/python2.7/dist-packages/anahita_msgs/__init__.py
Symlinking /home/auviitk/catkin_ws/devel/lib/python2.7/dist-packages/anahita_msgs/msg/__init__.py
Symlinking /home/auviitk/catkin_ws/devel/lib/python2.7/dist-packages/anahita_msgs/msg/_Depth.py
Symlinking /home/auviitk/catkin_ws/devel/lib/python2.7/dist-packages/anahita_msgs/msg/_Thrust.py
Symlinking /home/auviitk/catkin_ws/devel/lib/python2.7/dist-packages/anahita_msgs/msg/_Pressure.py
Symlinking /home/auviitk/catkin_ws/devel/lib/pkgconfig/anahita_msgs.pc
Symlinking /home/auviitk/catkin_ws/devel/share/anahita_msgs/cmake/anahita_msgs-msg-paths.cmake
Symlinking /home/auviitk/catkin_ws/devel/share/anahita_msgs/cmake/anahita_msgsConfig.cmake
Symlinking /home/auviitk/catkin_ws/devel/share/anahita_msgs/cmake/anahita_msgs-msg-extras.cmake
Symlinking /home/auviitk/catkin_ws/devel/share/anahita_msgs/cmake/anahita_msgsConfig-version.cmake
Symlinking /home/auviitk/catkin_ws/devel/share/common-lisp/ros/anahita_msgs/msg/_package_Pressure.lisp
Symlinking /home/auviitk/catkin_ws/devel/share/common-lisp/ros/anahita_msgs/msg/_package_Depth.lisp
Symlinking /home/auviitk/catkin_ws/devel/share/common-lisp/ros/anahita_msgs/msg/anahita_msgs-msg.asd
Symlinking /home/auviitk/catkin_ws/devel/share/common-lisp/ros/anahita_msgs/msg/Depth.lisp
Symlinking /home/auviitk/catkin_ws/devel/share/common-lisp/ros/anahita_msgs/msg/Pressure.lisp
Symlinking /home/auviitk/catkin_ws/devel/share/common-lisp/ros/anahita_msgs/msg/_package.lisp
Symlinking /home/auviitk/catkin_ws/devel/share/common-lisp/ros/anahita_msgs/msg/Thrust.lisp
Symlinking /home/auviitk/catkin_ws/devel/share/common-lisp/ros/anahita_msgs/msg/_package_Thrust.lisp
Symlinking /home/auviitk/catkin_ws/devel/share/roseus/ros/anahita_msgs/manifest.l
Symlinking /home/auviitk/catkin_ws/devel/share/roseus/ros/anahita_msgs/msg/Pressure.l
Symlinking /home/auviitk/catkin_ws/devel/share/roseus/ros/anahita_msgs/msg/Depth.l
Symlinking /home/auviitk/catkin_ws/devel/share/roseus/ros/anahita_msgs/msg/Thrust.l
Symlinking /home/auviitk/catkin_ws/devel/share/gennodejs/ros/anahita_msgs/_index.js
Symlinking /home/auviitk/catkin_ws/devel/share/gennodejs/ros/anahita_msgs/msg/Thrust.js
Symlinking /home/auviitk/catkin_ws/devel/share/gennodejs/ros/anahita_msgs/msg/_index.js
Symlinking /home/auviitk/catkin_ws/devel/share/gennodejs/ros/anahita_msgs/msg/Depth.js
Symlinking /home/auviitk/catkin_ws/devel/share/gennodejs/ros/anahita_msgs/msg/Pressure.js
Symlinking /home/auviitk/catkin_ws/devel/include/anahita_msgs/Pressure.h
Symlinking /home/auviitk/catkin_ws/devel/include/anahita_msgs/Thrust.h
Symlinking /home/auviitk/catkin_ws/devel/include/anahita_msgs/Depth.h
