Symlinking /home/auviitk/rex/devel/lib/python2.7/dist-packages/uuv_world_ros_plugins_msgs/__init__.py
Symlinking /home/auviitk/rex/devel/lib/python2.7/dist-packages/uuv_world_ros_plugins_msgs/srv/_GetOriginSphericalCoord.py
Symlinking /home/auviitk/rex/devel/lib/python2.7/dist-packages/uuv_world_ros_plugins_msgs/srv/__init__.py
Symlinking /home/auviitk/rex/devel/lib/python2.7/dist-packages/uuv_world_ros_plugins_msgs/srv/_TransformFromSphericalCoord.py
Symlinking /home/auviitk/rex/devel/lib/python2.7/dist-packages/uuv_world_ros_plugins_msgs/srv/_GetCurrentModel.py
Symlinking /home/auviitk/rex/devel/lib/python2.7/dist-packages/uuv_world_ros_plugins_msgs/srv/_TransformToSphericalCoord.py
Symlinking /home/auviitk/rex/devel/lib/python2.7/dist-packages/uuv_world_ros_plugins_msgs/srv/_SetCurrentModel.py
Symlinking /home/auviitk/rex/devel/lib/python2.7/dist-packages/uuv_world_ros_plugins_msgs/srv/_SetOriginSphericalCoord.py
Symlinking /home/auviitk/rex/devel/lib/python2.7/dist-packages/uuv_world_ros_plugins_msgs/srv/_SetCurrentDirection.py
Symlinking /home/auviitk/rex/devel/lib/python2.7/dist-packages/uuv_world_ros_plugins_msgs/srv/_SetCurrentVelocity.py
Symlinking /home/auviitk/rex/devel/lib/pkgconfig/uuv_world_ros_plugins_msgs.pc
Symlinking /home/auviitk/rex/devel/share/uuv_world_ros_plugins_msgs/cmake/uuv_world_ros_plugins_msgsConfig.cmake
Symlinking /home/auviitk/rex/devel/share/uuv_world_ros_plugins_msgs/cmake/uuv_world_ros_plugins_msgs-msg-paths.cmake
Symlinking /home/auviitk/rex/devel/share/uuv_world_ros_plugins_msgs/cmake/uuv_world_ros_plugins_msgsConfig-version.cmake
Symlinking /home/auviitk/rex/devel/share/uuv_world_ros_plugins_msgs/cmake/uuv_world_ros_plugins_msgs-msg-extras.cmake
Symlinking /home/auviitk/rex/devel/share/common-lisp/ros/uuv_world_ros_plugins_msgs/srv/_package_SetCurrentModel.lisp
Symlinking /home/auviitk/rex/devel/share/common-lisp/ros/uuv_world_ros_plugins_msgs/srv/SetCurrentModel.lisp
Symlinking /home/auviitk/rex/devel/share/common-lisp/ros/uuv_world_ros_plugins_msgs/srv/_package_GetCurrentModel.lisp
Symlinking /home/auviitk/rex/devel/share/common-lisp/ros/uuv_world_ros_plugins_msgs/srv/uuv_world_ros_plugins_msgs-srv.asd
Symlinking /home/auviitk/rex/devel/share/common-lisp/ros/uuv_world_ros_plugins_msgs/srv/SetCurrentDirection.lisp
Symlinking /home/auviitk/rex/devel/share/common-lisp/ros/uuv_world_ros_plugins_msgs/srv/_package_SetCurrentDirection.lisp
Symlinking /home/auviitk/rex/devel/share/common-lisp/ros/uuv_world_ros_plugins_msgs/srv/_package_GetOriginSphericalCoord.lisp
Symlinking /home/auviitk/rex/devel/share/common-lisp/ros/uuv_world_ros_plugins_msgs/srv/_package_SetOriginSphericalCoord.lisp
Symlinking /home/auviitk/rex/devel/share/common-lisp/ros/uuv_world_ros_plugins_msgs/srv/GetOriginSphericalCoord.lisp
Symlinking /home/auviitk/rex/devel/share/common-lisp/ros/uuv_world_ros_plugins_msgs/srv/_package_TransformFromSphericalCoord.lisp
Symlinking /home/auviitk/rex/devel/share/common-lisp/ros/uuv_world_ros_plugins_msgs/srv/TransformFromSphericalCoord.lisp
Symlinking /home/auviitk/rex/devel/share/common-lisp/ros/uuv_world_ros_plugins_msgs/srv/SetOriginSphericalCoord.lisp
Symlinking /home/auviitk/rex/devel/share/common-lisp/ros/uuv_world_ros_plugins_msgs/srv/GetCurrentModel.lisp
Symlinking /home/auviitk/rex/devel/share/common-lisp/ros/uuv_world_ros_plugins_msgs/srv/TransformToSphericalCoord.lisp
Symlinking /home/auviitk/rex/devel/share/common-lisp/ros/uuv_world_ros_plugins_msgs/srv/_package.lisp
Symlinking /home/auviitk/rex/devel/share/common-lisp/ros/uuv_world_ros_plugins_msgs/srv/SetCurrentVelocity.lisp
Symlinking /home/auviitk/rex/devel/share/common-lisp/ros/uuv_world_ros_plugins_msgs/srv/_package_TransformToSphericalCoord.lisp
Symlinking /home/auviitk/rex/devel/share/common-lisp/ros/uuv_world_ros_plugins_msgs/srv/_package_SetCurrentVelocity.lisp
Symlinking /home/auviitk/rex/devel/share/roseus/ros/uuv_world_ros_plugins_msgs/manifest.l
Symlinking /home/auviitk/rex/devel/share/roseus/ros/uuv_world_ros_plugins_msgs/srv/GetOriginSphericalCoord.l
Symlinking /home/auviitk/rex/devel/share/roseus/ros/uuv_world_ros_plugins_msgs/srv/GetCurrentModel.l
Symlinking /home/auviitk/rex/devel/share/roseus/ros/uuv_world_ros_plugins_msgs/srv/SetCurrentVelocity.l
Symlinking /home/auviitk/rex/devel/share/roseus/ros/uuv_world_ros_plugins_msgs/srv/TransformToSphericalCoord.l
Symlinking /home/auviitk/rex/devel/share/roseus/ros/uuv_world_ros_plugins_msgs/srv/SetOriginSphericalCoord.l
Symlinking /home/auviitk/rex/devel/share/roseus/ros/uuv_world_ros_plugins_msgs/srv/SetCurrentDirection.l
Symlinking /home/auviitk/rex/devel/share/roseus/ros/uuv_world_ros_plugins_msgs/srv/TransformFromSphericalCoord.l
Symlinking /home/auviitk/rex/devel/share/roseus/ros/uuv_world_ros_plugins_msgs/srv/SetCurrentModel.l
Symlinking /home/auviitk/rex/devel/share/gennodejs/ros/uuv_world_ros_plugins_msgs/_index.js
Symlinking /home/auviitk/rex/devel/share/gennodejs/ros/uuv_world_ros_plugins_msgs/srv/GetCurrentModel.js
Symlinking /home/auviitk/rex/devel/share/gennodejs/ros/uuv_world_ros_plugins_msgs/srv/TransformToSphericalCoord.js
Symlinking /home/auviitk/rex/devel/share/gennodejs/ros/uuv_world_ros_plugins_msgs/srv/GetOriginSphericalCoord.js
Symlinking /home/auviitk/rex/devel/share/gennodejs/ros/uuv_world_ros_plugins_msgs/srv/_index.js
Symlinking /home/auviitk/rex/devel/share/gennodejs/ros/uuv_world_ros_plugins_msgs/srv/SetCurrentModel.js
Symlinking /home/auviitk/rex/devel/share/gennodejs/ros/uuv_world_ros_plugins_msgs/srv/SetCurrentVelocity.js
Symlinking /home/auviitk/rex/devel/share/gennodejs/ros/uuv_world_ros_plugins_msgs/srv/TransformFromSphericalCoord.js
Symlinking /home/auviitk/rex/devel/share/gennodejs/ros/uuv_world_ros_plugins_msgs/srv/SetCurrentDirection.js
Symlinking /home/auviitk/rex/devel/share/gennodejs/ros/uuv_world_ros_plugins_msgs/srv/SetOriginSphericalCoord.js
Symlinking /home/auviitk/rex/devel/include/uuv_world_ros_plugins_msgs/TransformToSphericalCoordResponse.h
Symlinking /home/auviitk/rex/devel/include/uuv_world_ros_plugins_msgs/TransformToSphericalCoordRequest.h
Symlinking /home/auviitk/rex/devel/include/uuv_world_ros_plugins_msgs/SetCurrentModelResponse.h
Symlinking /home/auviitk/rex/devel/include/uuv_world_ros_plugins_msgs/SetCurrentVelocityRequest.h
Symlinking /home/auviitk/rex/devel/include/uuv_world_ros_plugins_msgs/TransformFromSphericalCoord.h
Symlinking /home/auviitk/rex/devel/include/uuv_world_ros_plugins_msgs/GetCurrentModelResponse.h
Symlinking /home/auviitk/rex/devel/include/uuv_world_ros_plugins_msgs/GetCurrentModel.h
Symlinking /home/auviitk/rex/devel/include/uuv_world_ros_plugins_msgs/SetOriginSphericalCoord.h
Symlinking /home/auviitk/rex/devel/include/uuv_world_ros_plugins_msgs/TransformToSphericalCoord.h
Symlinking /home/auviitk/rex/devel/include/uuv_world_ros_plugins_msgs/GetCurrentModelRequest.h
Symlinking /home/auviitk/rex/devel/include/uuv_world_ros_plugins_msgs/GetOriginSphericalCoordRequest.h
Symlinking /home/auviitk/rex/devel/include/uuv_world_ros_plugins_msgs/SetCurrentModelRequest.h
Symlinking /home/auviitk/rex/devel/include/uuv_world_ros_plugins_msgs/SetCurrentDirectionRequest.h
Symlinking /home/auviitk/rex/devel/include/uuv_world_ros_plugins_msgs/SetCurrentDirection.h
Symlinking /home/auviitk/rex/devel/include/uuv_world_ros_plugins_msgs/SetOriginSphericalCoordRequest.h
Symlinking /home/auviitk/rex/devel/include/uuv_world_ros_plugins_msgs/TransformFromSphericalCoordRequest.h
Symlinking /home/auviitk/rex/devel/include/uuv_world_ros_plugins_msgs/TransformFromSphericalCoordResponse.h
Symlinking /home/auviitk/rex/devel/include/uuv_world_ros_plugins_msgs/SetCurrentVelocityResponse.h
Symlinking /home/auviitk/rex/devel/include/uuv_world_ros_plugins_msgs/GetOriginSphericalCoordResponse.h
Symlinking /home/auviitk/rex/devel/include/uuv_world_ros_plugins_msgs/SetCurrentDirectionResponse.h
Symlinking /home/auviitk/rex/devel/include/uuv_world_ros_plugins_msgs/SetCurrentVelocity.h
Symlinking /home/auviitk/rex/devel/include/uuv_world_ros_plugins_msgs/SetCurrentModel.h
Symlinking /home/auviitk/rex/devel/include/uuv_world_ros_plugins_msgs/GetOriginSphericalCoord.h
Symlinking /home/auviitk/rex/devel/include/uuv_world_ros_plugins_msgs/SetOriginSphericalCoordResponse.h
