Symlinking /home/auviitk/catkin_ws/devel/lib/mapping/mapping_node
Symlinking /home/auviitk/catkin_ws/devel/lib/python2.7/dist-packages/mapping/__init__.py
Symlinking /home/auviitk/catkin_ws/devel/lib/python2.7/dist-packages/mapping/srv/__init__.py
Symlinking /home/auviitk/catkin_ws/devel/lib/python2.7/dist-packages/mapping/srv/_slam_msg.py
Symlinking /home/auviitk/catkin_ws/devel/lib/python2.7/dist-packages/mapping/srv/_slam_srv.py
Symlinking /home/auviitk/catkin_ws/devel/lib/pkgconfig/mapping.pc
Symlinking /home/auviitk/catkin_ws/devel/share/mapping/cmake/mappingConfig-version.cmake
Symlinking /home/auviitk/catkin_ws/devel/share/mapping/cmake/mappingConfig.cmake
Symlinking /home/auviitk/catkin_ws/devel/share/mapping/cmake/mapping-msg-paths.cmake
Symlinking /home/auviitk/catkin_ws/devel/share/mapping/cmake/mapping-msg-extras.cmake
Symlinking /home/auviitk/catkin_ws/devel/share/common-lisp/ros/mapping/srv/mapping-srv.asd
Symlinking /home/auviitk/catkin_ws/devel/share/common-lisp/ros/mapping/srv/slam_msg.lisp
Symlinking /home/auviitk/catkin_ws/devel/share/common-lisp/ros/mapping/srv/_package_slam_msg.lisp
Symlinking /home/auviitk/catkin_ws/devel/share/common-lisp/ros/mapping/srv/_package.lisp
Symlinking /home/auviitk/catkin_ws/devel/share/common-lisp/ros/mapping/srv/slam_srv.lisp
Symlinking /home/auviitk/catkin_ws/devel/share/common-lisp/ros/mapping/srv/_package_slam_srv.lisp
Symlinking /home/auviitk/catkin_ws/devel/share/roseus/ros/mapping/manifest.l
Symlinking /home/auviitk/catkin_ws/devel/share/roseus/ros/mapping/srv/slam_srv.l
Symlinking /home/auviitk/catkin_ws/devel/share/roseus/ros/mapping/srv/slam_msg.l
Symlinking /home/auviitk/catkin_ws/devel/share/gennodejs/ros/mapping/_index.js
Symlinking /home/auviitk/catkin_ws/devel/share/gennodejs/ros/mapping/srv/slam_srv.js
Symlinking /home/auviitk/catkin_ws/devel/share/gennodejs/ros/mapping/srv/slam_msg.js
Symlinking /home/auviitk/catkin_ws/devel/share/gennodejs/ros/mapping/srv/_index.js
Symlinking /home/auviitk/catkin_ws/devel/include/mapping/slam_msgRequest.h
Symlinking /home/auviitk/catkin_ws/devel/include/mapping/slam_srvRequest.h
Symlinking /home/auviitk/catkin_ws/devel/include/mapping/slam_srvResponse.h
Symlinking /home/auviitk/catkin_ws/devel/include/mapping/slam_srv.h
Symlinking /home/auviitk/catkin_ws/devel/include/mapping/slam_msg.h
Symlinking /home/auviitk/catkin_ws/devel/include/mapping/slam_msgResponse.h
